app/build/outputs/logs/manifest-merger-release-report.txt
-- Merging decision tree log ---
manifest
ADDED from src\main\AndroidManifest.xml:1:39-33:12
	package
		ADDED from src\main\AndroidManifest.xml:2:48-94
		INJECTED from src\main\AndroidManifest.xml
		INJECTED from src\main\AndroidManifest.xml
	android:versionName
		ADDED from src\main\AndroidManifest.xml:3:25-50
		INJECTED from src\main\AndroidManifest.xml
		INJECTED from src\main\AndroidManifest.xml
	xmlns:tools
		ADDED from src\main\AndroidManifest.xml:2:1-47
	android:versionCode
		ADDED from src\main\AndroidManifest.xml:3:1-24
		INJECTED from src\main\AndroidManifest.xml
		INJECTED from src\main\AndroidManifest.xml
	xmlns:android
		ADDED from src\main\AndroidManifest.xml:1:49-107
uses-sdk
ADDED from src\main\AndroidManifest.xml:5:1-70
MERGED from [com.android.support:design:24.0.0] AndroidManifest.xml:20:5-43
MERGED from [com.android.support:support-v4:24.0.0] AndroidManifest.xml:21:5-23:54
MERGED from [com.android.support:recyclerview-v7:24.0.0] AndroidManifest.xml:20:5-43
MERGED from [com.android.support:appcompat-v7:24.0.0] AndroidManifest.xml:21:5-23:78
MERGED from [com.android.support:support-vector-drawable:24.0.0] AndroidManifest.xml:21:5-43
MERGED from [com.android.support:animated-vector-drawable:24.0.0] AndroidManifest.xml:20:5-44
MERGED from [com.pixplicity.sharp:library:1.0.2] AndroidManifest.xml:7:5-44
	tools:overrideLibrary
		ADDED from [com.android.support:support-v4:24.0.0] AndroidManifest.xml:23:9-51
	android:targetSdkVersion
		ADDED from src\main\AndroidManifest.xml:5:38-67
		INJECTED from src\main\AndroidManifest.xml
		INJECTED from src\main\AndroidManifest.xml
	android:minSdkVersion
		ADDED from src\main\AndroidManifest.xml:5:11-37
		INJECTED from src\main\AndroidManifest.xml
		INJECTED from src\main\AndroidManifest.xml
application
ADDED from src\main\AndroidManifest.xml:7:1-31:15
MERGED from [com.android.support:design:24.0.0] AndroidManifest.xml:22:5-20
MERGED from [com.android.support:support-v4:24.0.0] AndroidManifest.xml:25:5-20
MERGED from [com.android.support:appcompat-v7:24.0.0] AndroidManifest.xml:25:5-20
MERGED from [com.android.support:support-vector-drawable:24.0.0] AndroidManifest.xml:23:5-20
MERGED from [com.android.support:animated-vector-drawable:24.0.0] AndroidManifest.xml:22:5-20
	android:label
		ADDED from src\main\AndroidManifest.xml:7:76-108
	android:allowBackup
		ADDED from src\main\AndroidManifest.xml:7:14-40
	android:icon
		ADDED from src\main\AndroidManifest.xml:7:41-75
	android:theme
		ADDED from src\main\AndroidManifest.xml:8:5-64
activity#edu.indiana.bluesguitarriffsrockstar.SplashScreen
ADDED from src\main\AndroidManifest.xml:10:5-18:16
	android:screenOrientation
		ADDED from src\main\AndroidManifest.xml:13:9-46
	android:label
		ADDED from src\main\AndroidManifest.xml:12:9-42
	android:name
		ADDED from src\main\AndroidManifest.xml:11:9-73
intent-filter#android.intent.action.MAIN+android.intent.category.LAUNCHER
ADDED from src\main\AndroidManifest.xml:14:5-17:21
action#android.intent.action.MAIN
ADDED from src\main\AndroidManifest.xml:15:5-57
	android:name
		ADDED from src\main\AndroidManifest.xml:15:13-54
category#android.intent.category.LAUNCHER
ADDED from src\main\AndroidManifest.xml:16:9-69
	android:name
		ADDED from src\main\AndroidManifest.xml:16:19-66
activity#edu.indiana.bluesguitarriffsrockstar.MainActivity
ADDED from src\main\AndroidManifest.xml:20:5-25:16
	android:screenOrientation
		ADDED from src\main\AndroidManifest.xml:20:113-150
	android:label
		ADDED from src\main\AndroidManifest.xml:20:80-112
	android:name
		ADDED from src\main\AndroidManifest.xml:20:15-79
intent-filter#android.intent.category.DEFAULT+edu.indiana.bluesguitarriffs.MAINACTIVITY
ADDED from src\main\AndroidManifest.xml:21:9-24:25
action#edu.indiana.bluesguitarriffs.MAINACTIVITY
ADDED from src\main\AndroidManifest.xml:22:13-80
	android:name
		ADDED from src\main\AndroidManifest.xml:22:21-77
category#android.intent.category.DEFAULT
ADDED from src\main\AndroidManifest.xml:23:13-72
	android:name
		ADDED from src\main\AndroidManifest.xml:23:23-69
activity#edu.indiana.bluesguitarriffsrockstar.RiffDetailActivity
ADDED from src\main\AndroidManifest.xml:27:5-29:16
	android:screenOrientation
		ADDED from src\main\AndroidManifest.xml:27:146-183
	android:label
		ADDED from src\main\AndroidManifest.xml:27:86-120
	android:noHistory
		ADDED from src\main\AndroidManifest.xml:27:121-145
	android:name
		ADDED from src\main\AndroidManifest.xml:27:15-85